2025/01/12 15:15:08 [emerg] 1#1: host not found in upstream "project.internal.cmh.sh:8080" in /etc/nginx/nginx.conf:16
2025/02/23 02:24:20 [emerg] 1#1: cannot load certificate "/tmp/ssl/wild.cmh.sh.crt": BIO_new_file() failed (SSL: error:80000002:system library::No such file or directory:calling fopen(/tmp/ssl/wild.cmh.sh.crt, r) error:10000080:BIO routines::no such file)
2025/02/23 02:24:21 [emerg] 1#1: cannot load certificate "/tmp/ssl/wild.cmh.sh.crt": BIO_new_file() failed (SSL: error:80000002:system library::No such file or directory:calling fopen(/tmp/ssl/wild.cmh.sh.crt, r) error:10000080:BIO routines::no such file)
2025/02/23 02:24:36 [emerg] 1#1: cannot load certificate "/tmp/ssl/wild.cmh.sh.crt": BIO_new_file() failed (SSL: error:80000002:system library::No such file or directory:calling fopen(/tmp/ssl/wild.cmh.sh.crt, r) error:10000080:BIO routines::no such file)
2025/02/23 02:25:03 [emerg] 1#1: cannot load certificate "/tmp/ssl/wild.cmh.sh.crt": BIO_new_file() failed (SSL: error:80000002:system library::No such file or directory:calling fopen(/tmp/ssl/wild.cmh.sh.crt, r) error:10000080:BIO routines::no such file)
2025/02/23 02:25:46 [emerg] 1#1: cannot load certificate "/tmp/ssl/wild.cmh.sh.crt": BIO_new_file() failed (SSL: error:80000002:system library::No such file or directory:calling fopen(/tmp/ssl/wild.cmh.sh.crt, r) error:10000080:BIO routines::no such file)
2025/02/23 02:27:10 [emerg] 1#1: cannot load certificate "/tmp/ssl/wild.cmh.sh.crt": BIO_new_file() failed (SSL: error:80000002:system library::No such file or directory:calling fopen(/tmp/ssl/wild.cmh.sh.crt, r) error:10000080:BIO routines::no such file)
2025/02/23 02:29:54 [emerg] 1#1: cannot load certificate "/tmp/ssl/wild.cmh.sh.crt": BIO_new_file() failed (SSL: error:80000002:system library::No such file or directory:calling fopen(/tmp/ssl/wild.cmh.sh.crt, r) error:10000080:BIO routines::no such file)
2025/02/23 02:35:01 [emerg] 1#1: cannot load certificate "/tmp/ssl/wild.cmh.sh.crt": BIO_new_file() failed (SSL: error:80000002:system library::No such file or directory:calling fopen(/tmp/ssl/wild.cmh.sh.crt, r) error:10000080:BIO routines::no such file)
2025/02/23 02:40:13 [emerg] 1#1: cannot load certificate "/tmp/ssl/wild.cmh.sh.crt": BIO_new_file() failed (SSL: error:80000002:system library::No such file or directory:calling fopen(/tmp/ssl/wild.cmh.sh.crt, r) error:10000080:BIO routines::no such file)
2025/02/23 02:44:22 [notice] 1#1: using the "epoll" event method
2025/02/23 02:44:22 [notice] 1#1: nginx/1.27.3
2025/02/23 02:44:22 [notice] 1#1: built by gcc 12.2.0 (Debian 12.2.0-14) 
2025/02/23 02:44:22 [notice] 1#1: OS: Linux 6.8.0-52-generic
2025/02/23 02:44:22 [notice] 1#1: getrlimit(RLIMIT_NOFILE): 1048576:1048576
2025/02/23 02:44:22 [notice] 1#1: start worker processes
2025/02/23 02:44:22 [notice] 1#1: start worker process 29
2025/02/23 02:44:22 [notice] 1#1: start worker process 30
2025/02/23 02:44:22 [notice] 1#1: start worker process 31
2025/02/23 02:44:22 [notice] 1#1: start worker process 32
2025/02/23 02:44:22 [notice] 1#1: start worker process 33
2025/02/23 02:44:22 [notice] 1#1: start worker process 34
2025/02/23 02:44:22 [notice] 1#1: start worker process 35
2025/02/23 02:44:22 [notice] 1#1: start worker process 36
2025/02/23 02:44:22 [notice] 1#1: start worker process 37
2025/02/23 02:44:22 [notice] 1#1: start worker process 38
2025/02/23 02:44:22 [notice] 1#1: start worker process 39
2025/02/23 02:44:22 [notice] 1#1: start worker process 40
2025/03/08 01:17:02 [notice] 36#36: signal 15 (SIGTERM) received, exiting
2025/03/08 01:17:02 [notice] 1#1: signal 17 (SIGCHLD) received from 30
2025/03/08 01:17:02 [notice] 33#33: signal 15 (SIGTERM) received, exiting
2025/03/08 01:17:02 [notice] 31#31: signal 15 (SIGTERM) received, exiting
2025/03/08 01:17:02 [notice] 36#36: exiting
2025/03/08 01:17:02 [notice] 34#34: signal 15 (SIGTERM) received, exiting
2025/03/08 01:17:02 [notice] 30#30: signal 15 (SIGTERM) received, exiting
2025/03/08 01:17:02 [notice] 1#1: signal 17 (SIGCHLD) received from 31
2025/03/08 01:17:02 [notice] 32#32: signal 15 (SIGTERM) received, exiting
2025/03/08 01:17:02 [notice] 33#33: exiting
2025/03/08 01:17:02 [notice] 31#31: exiting
2025/03/08 01:17:02 [notice] 34#34: exiting
2025/03/08 01:17:02 [notice] 1#1: signal 15 (SIGTERM) received, exiting
2025/03/08 01:17:02 [notice] 30#30: exiting
2025/03/08 01:17:02 [notice] 32#32: exiting
2025/03/08 01:17:02 [notice] 36#36: exit
2025/03/08 01:17:02 [notice] 31#31: exit
2025/03/08 01:17:02 [notice] 33#33: exit
2025/03/08 01:17:02 [notice] 34#34: exit
2025/03/08 01:17:02 [notice] 30#30: exit
2025/03/08 01:17:02 [notice] 32#32: exit
2025/03/08 01:17:02 [notice] 35#35: signal 15 (SIGTERM) received, exiting
2025/03/08 01:17:02 [notice] 1#1: signal 17 (SIGCHLD) received from 35
2025/03/08 01:17:02 [notice] 35#35: exiting
2025/03/08 01:17:02 [notice] 1#1: signal 17 (SIGCHLD) received from 40
2025/03/08 01:17:02 [notice] 40#40: signal 15 (SIGTERM) received, exiting
2025/03/08 01:17:02 [notice] 40#40: exiting
2025/03/08 01:17:02 [notice] 1#1: signal 17 (SIGCHLD) received from 37
2025/03/08 01:17:02 [notice] 37#37: signal 15 (SIGTERM) received, exiting
2025/03/08 01:17:02 [notice] 37#37: exiting
2025/03/08 01:17:02 [notice] 1#1: signal 17 (SIGCHLD) received from 38
2025/03/08 01:17:02 [notice] 38#38: signal 15 (SIGTERM) received, exiting
2025/03/08 01:17:02 [notice] 38#38: exiting
2025/03/08 01:17:02 [notice] 35#35: exit
2025/03/08 01:17:02 [notice] 1#1: signal 17 (SIGCHLD) received from 39
2025/03/08 01:17:02 [notice] 39#39: signal 15 (SIGTERM) received, exiting
2025/03/08 01:17:02 [notice] 39#39: exiting
2025/03/08 01:17:02 [notice] 1#1: signal 17 (SIGCHLD) received from 29
2025/03/08 01:17:02 [notice] 29#29: signal 15 (SIGTERM) received, exiting
2025/03/08 01:17:02 [notice] 29#29: exiting
2025/03/08 01:17:02 [notice] 37#37: exit
2025/03/08 01:17:02 [notice] 40#40: exit
2025/03/08 01:17:02 [notice] 38#38: exit
2025/03/08 01:17:02 [notice] 39#39: exit
2025/03/08 01:17:02 [notice] 29#29: exit
2025/03/08 01:17:02 [notice] 1#1: signal 17 (SIGCHLD) received from 34
2025/03/08 01:17:02 [notice] 1#1: worker process 34 exited with code 0
2025/03/08 01:17:02 [notice] 1#1: signal 29 (SIGIO) received
2025/03/08 01:17:02 [notice] 1#1: signal 17 (SIGCHLD) received from 31
2025/03/08 01:17:02 [notice] 1#1: worker process 31 exited with code 0
2025/03/08 01:17:02 [notice] 1#1: worker process 33 exited with code 0
2025/03/08 01:17:02 [notice] 1#1: signal 29 (SIGIO) received
2025/03/08 01:17:02 [notice] 1#1: signal 17 (SIGCHLD) received from 38
2025/03/08 01:17:02 [notice] 1#1: worker process 38 exited with code 0
2025/03/08 01:17:02 [notice] 1#1: signal 29 (SIGIO) received
2025/03/08 01:17:02 [notice] 1#1: signal 17 (SIGCHLD) received from 30
2025/03/08 01:17:02 [notice] 1#1: worker process 30 exited with code 0
2025/03/08 01:17:02 [notice] 1#1: signal 29 (SIGIO) received
2025/03/08 01:17:02 [notice] 1#1: signal 17 (SIGCHLD) received from 36
2025/03/08 01:17:02 [notice] 1#1: worker process 36 exited with code 0
2025/03/08 01:17:02 [notice] 1#1: signal 29 (SIGIO) received
2025/03/08 01:17:02 [notice] 1#1: signal 17 (SIGCHLD) received from 39
2025/03/08 01:17:02 [notice] 1#1: worker process 39 exited with code 0
2025/03/08 01:17:02 [notice] 1#1: signal 29 (SIGIO) received
2025/03/08 01:17:02 [notice] 1#1: signal 17 (SIGCHLD) received from 29
2025/03/08 01:17:02 [notice] 1#1: worker process 29 exited with code 0
2025/03/08 01:17:02 [notice] 1#1: worker process 32 exited with code 0
2025/03/08 01:17:02 [notice] 1#1: signal 29 (SIGIO) received
2025/03/08 01:17:02 [notice] 1#1: signal 17 (SIGCHLD) received from 32
2025/03/08 01:17:02 [notice] 1#1: signal 17 (SIGCHLD) received from 40
2025/03/08 01:17:02 [notice] 1#1: worker process 35 exited with code 0
2025/03/08 01:17:02 [notice] 1#1: worker process 40 exited with code 0
2025/03/08 01:17:02 [notice] 1#1: signal 29 (SIGIO) received
2025/03/08 01:17:02 [notice] 1#1: signal 17 (SIGCHLD) received from 37
2025/03/08 01:17:02 [notice] 1#1: worker process 37 exited with code 0
2025/03/08 01:17:02 [notice] 1#1: exit
2025/03/08 01:17:35 [notice] 1#1: using the "epoll" event method
2025/03/08 01:17:35 [notice] 1#1: nginx/1.27.3
2025/03/08 01:17:35 [notice] 1#1: built by gcc 12.2.0 (Debian 12.2.0-14) 
2025/03/08 01:17:35 [notice] 1#1: OS: Linux 6.8.0-52-generic
2025/03/08 01:17:35 [notice] 1#1: getrlimit(RLIMIT_NOFILE): 1048576:1048576
2025/03/08 01:17:35 [notice] 1#1: start worker processes
2025/03/08 01:17:35 [notice] 1#1: start worker process 29
2025/03/08 01:17:35 [notice] 1#1: start worker process 30
2025/03/08 01:17:35 [notice] 1#1: start worker process 31
2025/03/08 01:17:35 [notice] 1#1: start worker process 32
2025/03/08 01:17:35 [notice] 1#1: start worker process 33
2025/03/08 01:17:35 [notice] 1#1: start worker process 34
2025/03/08 01:17:35 [notice] 1#1: start worker process 35
2025/03/08 01:17:35 [notice] 1#1: start worker process 36
2025/03/08 01:17:35 [notice] 1#1: start worker process 37
2025/03/08 01:17:35 [notice] 1#1: start worker process 38
2025/03/08 01:17:35 [notice] 1#1: start worker process 39
2025/03/08 01:17:35 [notice] 1#1: start worker process 40
2025/03/08 01:21:12 [notice] 32#32: signal 15 (SIGTERM) received, exiting
2025/03/08 01:21:12 [notice] 40#40: signal 15 (SIGTERM) received, exiting
2025/03/08 01:21:12 [notice] 29#29: signal 15 (SIGTERM) received, exiting
2025/03/08 01:21:12 [notice] 32#32: exiting
2025/03/08 01:21:12 [notice] 40#40: exiting
2025/03/08 01:21:12 [notice] 29#29: exiting
2025/03/08 01:21:12 [notice] 36#36: signal 15 (SIGTERM) received, exiting
2025/03/08 01:21:12 [notice] 36#36: exiting
2025/03/08 01:21:12 [notice] 30#30: signal 15 (SIGTERM) received, exiting
2025/03/08 01:21:12 [notice] 30#30: exiting
2025/03/08 01:21:12 [notice] 31#31: signal 15 (SIGTERM) received, exiting
2025/03/08 01:21:12 [notice] 31#31: exiting
2025/03/08 01:21:12 [notice] 34#34: signal 15 (SIGTERM) received, exiting
2025/03/08 01:21:12 [notice] 33#33: signal 15 (SIGTERM) received, exiting
2025/03/08 01:21:12 [notice] 33#33: exiting
2025/03/08 01:21:12 [notice] 34#34: exiting
2025/03/08 01:21:12 [notice] 35#35: signal 15 (SIGTERM) received, exiting
2025/03/08 01:21:12 [notice] 35#35: exiting
2025/03/08 01:21:12 [notice] 33#33: exit
2025/03/08 01:21:12 [notice] 37#37: signal 15 (SIGTERM) received, exiting
2025/03/08 01:21:12 [notice] 37#37: exiting
2025/03/08 01:21:12 [notice] 34#34: exit
2025/03/08 01:21:12 [notice] 32#32: exit
2025/03/08 01:21:12 [notice] 35#35: exit
2025/03/08 01:21:12 [notice] 37#37: exit
2025/03/08 01:21:12 [notice] 38#38: signal 15 (SIGTERM) received, exiting
2025/03/08 01:21:12 [notice] 38#38: exiting
2025/03/08 01:21:12 [notice] 39#39: signal 15 (SIGTERM) received, exiting
2025/03/08 01:21:12 [notice] 39#39: exiting
2025/03/08 01:21:12 [notice] 30#30: exit
2025/03/08 01:21:12 [notice] 38#38: exit
2025/03/08 01:21:12 [notice] 39#39: exit
2025/03/08 01:21:12 [notice] 36#36: exit
2025/03/08 01:21:12 [notice] 1#1: signal 17 (SIGCHLD) received from 29
2025/03/08 01:21:12 [notice] 1#1: signal 15 (SIGTERM) received, exiting
2025/03/08 01:21:12 [notice] 40#40: exit
2025/03/08 01:21:12 [notice] 29#29: exit
2025/03/08 01:21:12 [notice] 31#31: exit
2025/03/08 01:21:12 [notice] 1#1: signal 17 (SIGCHLD) received from 35
2025/03/08 01:21:12 [notice] 1#1: worker process 32 exited with code 0
2025/03/08 01:21:12 [notice] 1#1: worker process 34 exited with code 0
2025/03/08 01:21:12 [notice] 1#1: worker process 35 exited with code 0
2025/03/08 01:21:12 [notice] 1#1: signal 29 (SIGIO) received
2025/03/08 01:21:12 [notice] 1#1: signal 17 (SIGCHLD) received from 37
2025/03/08 01:21:12 [notice] 1#1: worker process 37 exited with code 0
2025/03/08 01:21:12 [notice] 1#1: worker process 40 exited with code 0
2025/03/08 01:21:12 [notice] 1#1: signal 29 (SIGIO) received
2025/03/08 01:21:12 [notice] 1#1: signal 17 (SIGCHLD) received from 40
2025/03/08 01:21:12 [notice] 1#1: signal 17 (SIGCHLD) received from 38
2025/03/08 01:21:12 [notice] 1#1: worker process 38 exited with code 0
2025/03/08 01:21:12 [notice] 1#1: signal 29 (SIGIO) received
2025/03/08 01:21:12 [notice] 1#1: signal 17 (SIGCHLD) received from 33
2025/03/08 01:21:12 [notice] 1#1: worker process 33 exited with code 0
2025/03/08 01:21:12 [notice] 1#1: worker process 30 exited with code 0
2025/03/08 01:21:12 [notice] 1#1: signal 29 (SIGIO) received
2025/03/08 01:21:12 [notice] 1#1: signal 17 (SIGCHLD) received from 30
2025/03/08 01:21:12 [notice] 1#1: signal 17 (SIGCHLD) received from 36
2025/03/08 01:21:12 [notice] 1#1: worker process 36 exited with code 0
2025/03/08 01:21:12 [notice] 1#1: signal 29 (SIGIO) received
2025/03/08 01:21:12 [notice] 1#1: signal 17 (SIGCHLD) received from 39
2025/03/08 01:21:12 [notice] 1#1: worker process 39 exited with code 0
2025/03/08 01:21:12 [notice] 1#1: signal 29 (SIGIO) received
2025/03/08 01:21:12 [notice] 1#1: signal 17 (SIGCHLD) received from 29
2025/03/08 01:21:12 [notice] 1#1: worker process 29 exited with code 0
2025/03/08 01:21:12 [notice] 1#1: worker process 31 exited with code 0
2025/03/08 01:21:12 [notice] 1#1: exit
2025/03/08 01:21:44 [notice] 1#1: using the "epoll" event method
2025/03/08 01:21:44 [notice] 1#1: nginx/1.27.3
2025/03/08 01:21:44 [notice] 1#1: built by gcc 12.2.0 (Debian 12.2.0-14) 
2025/03/08 01:21:44 [notice] 1#1: OS: Linux 6.8.0-52-generic
2025/03/08 01:21:44 [notice] 1#1: getrlimit(RLIMIT_NOFILE): 1048576:1048576
2025/03/08 01:21:44 [notice] 1#1: start worker processes
2025/03/08 01:21:44 [notice] 1#1: start worker process 29
2025/03/08 01:21:44 [notice] 1#1: start worker process 30
2025/03/08 01:21:44 [notice] 1#1: start worker process 31
2025/03/08 01:21:44 [notice] 1#1: start worker process 32
2025/03/08 01:21:44 [notice] 1#1: start worker process 33
2025/03/08 01:21:44 [notice] 1#1: start worker process 34
2025/03/08 01:21:44 [notice] 1#1: start worker process 35
2025/03/08 01:21:44 [notice] 1#1: start worker process 36
2025/03/08 01:21:44 [notice] 1#1: start worker process 37
2025/03/08 01:21:44 [notice] 1#1: start worker process 38
2025/03/08 01:21:44 [notice] 1#1: start worker process 39
2025/03/08 01:21:44 [notice] 1#1: start worker process 40
2025/03/08 20:57:45 [notice] 1#1: signal 3 (SIGQUIT) received, shutting down
2025/03/08 20:57:45 [notice] 29#29: gracefully shutting down
2025/03/08 20:57:45 [notice] 30#30: gracefully shutting down
2025/03/08 20:57:45 [notice] 31#31: gracefully shutting down
2025/03/08 20:57:45 [notice] 32#32: gracefully shutting down
2025/03/08 20:57:45 [notice] 33#33: gracefully shutting down
2025/03/08 20:57:45 [notice] 35#35: gracefully shutting down
2025/03/08 20:57:45 [notice] 29#29: exiting
2025/03/08 20:57:45 [notice] 36#36: gracefully shutting down
2025/03/08 20:57:45 [notice] 30#30: exiting
2025/03/08 20:57:45 [notice] 34#34: gracefully shutting down
2025/03/08 20:57:45 [notice] 31#31: exiting
2025/03/08 20:57:45 [notice] 32#32: exiting
2025/03/08 20:57:45 [notice] 33#33: exiting
2025/03/08 20:57:45 [notice] 35#35: exiting
2025/03/08 20:57:45 [notice] 36#36: exiting
2025/03/08 20:57:45 [notice] 34#34: exiting
2025/03/08 20:57:45 [notice] 39#39: gracefully shutting down
2025/03/08 20:57:45 [notice] 37#37: gracefully shutting down
2025/03/08 20:57:45 [notice] 40#40: gracefully shutting down
2025/03/08 20:57:45 [notice] 38#38: gracefully shutting down
2025/03/08 20:57:45 [notice] 39#39: exiting
2025/03/08 20:57:45 [notice] 37#37: exiting
2025/03/08 20:57:45 [notice] 40#40: exiting
2025/03/08 20:57:45 [notice] 38#38: exiting
2025/03/08 20:57:45 [notice] 39#39: exit
2025/03/08 20:57:45 [notice] 35#35: exit
2025/03/08 20:57:45 [notice] 36#36: exit
2025/03/08 20:57:45 [notice] 33#33: exit
2025/03/08 20:57:45 [notice] 32#32: exit
2025/03/08 20:57:45 [notice] 31#31: exit
2025/03/08 20:57:45 [notice] 29#29: exit
2025/03/08 20:57:45 [notice] 34#34: exit
2025/03/08 20:57:45 [notice] 37#37: exit
2025/03/08 20:57:45 [notice] 30#30: exit
2025/03/08 20:57:45 [notice] 38#38: exit
2025/03/08 20:57:45 [notice] 40#40: exit
2025/03/08 20:57:45 [notice] 1#1: signal 17 (SIGCHLD) received from 31
2025/03/08 20:57:45 [notice] 1#1: worker process 31 exited with code 0
2025/03/08 20:57:45 [notice] 1#1: worker process 30 exited with code 0
2025/03/08 20:57:45 [notice] 1#1: worker process 32 exited with code 0
2025/03/08 20:57:45 [notice] 1#1: worker process 37 exited with code 0
2025/03/08 20:57:45 [notice] 1#1: signal 29 (SIGIO) received
2025/03/08 20:57:45 [notice] 1#1: signal 17 (SIGCHLD) received from 30
2025/03/08 20:57:45 [notice] 1#1: signal 17 (SIGCHLD) received from 29
2025/03/08 20:57:45 [notice] 1#1: worker process 29 exited with code 0
2025/03/08 20:57:45 [notice] 1#1: worker process 38 exited with code 0
2025/03/08 20:57:45 [notice] 1#1: worker process 35 exited with code 0
2025/03/08 20:57:45 [notice] 1#1: signal 29 (SIGIO) received
2025/03/08 20:57:45 [notice] 1#1: signal 17 (SIGCHLD) received from 38
2025/03/08 20:57:45 [notice] 1#1: signal 17 (SIGCHLD) received from 34
2025/03/08 20:57:45 [notice] 1#1: worker process 34 exited with code 0
2025/03/08 20:57:45 [notice] 1#1: worker process 36 exited with code 0
2025/03/08 20:57:45 [notice] 1#1: worker process 40 exited with code 0
2025/03/08 20:57:45 [notice] 1#1: signal 29 (SIGIO) received
2025/03/08 20:57:45 [notice] 1#1: signal 17 (SIGCHLD) received from 33
2025/03/08 20:57:45 [notice] 1#1: worker process 33 exited with code 0
2025/03/08 20:57:45 [notice] 1#1: signal 17 (SIGCHLD) received from 39
2025/03/08 20:57:45 [notice] 1#1: worker process 39 exited with code 0
2025/03/08 20:57:45 [notice] 1#1: exit
